<?xml version="1.0" encoding="UTF-8"?>
<!-- Generated by org.testng.reporters.JUnitXMLReporter -->
<testsuite ignored="0" hostname="LAPTOP-2GUN9U94" failures="0" tests="3" name="Test" time="10.097" errors="0" timestamp="2023-05-31T04:48:18 IST">
  <testcase classname="TestClasspackage.GetReference" name="execute" time="3.165"/>
  <testcase classname="TestClasspackage.GetReference2" name="execute" time="3.886"/>
  <testcase classname="TestClasspackage.GetReference3" name="execute" time="2.898"/>
</testsuite> <!-- Test -->
